<?xml version="1.0" encoding="utf-8" standalone="no"?>
<test-results xmlns:xsi="http://www.w3.org/2001/XMLSchema-instance" xsi:noNamespaceSchemaLocation="nunit_schema_2.5.xsd" name="Pester" total="323" errors="0" failures="0" not-run="0" inconclusive="0" ignored="0" skipped="2" invalid="0" date="2022-08-24" time="21:57:10">
  <environment os-version="10.0.22000" user="dylan.prins@inspark.nl" platform="Microsoft Windows 11 Enterprise|C:\WINDOWS|\Device\Harddisk0\Partition3" nunit-version="2.5.8.0" user-domain="AzureAD" clr-version="Unknown" machine-name="INSPARK-1326747" cwd="C:\Users\DylanPrins\Github\Work\DNA\DNA.AutomateRelease\tests" />
  <culture-info current-culture="en-US" current-uiculture="en-US" />
  <test-suite type="TestFixture" name="Pester" executed="True" result="Ignored" success="True" time="3.626" asserts="0" description="Pester">
    <results>
      <test-suite type="TestFixture" name="C:\Users\DylanPrins\Github\Work\DNA\DNA.AutomateRelease\tests\Help.tests.ps1" executed="True" result="Success" success="True" time="2.4259" asserts="0" description="C:\Users\DylanPrins\Github\Work\DNA\DNA.AutomateRelease\tests\Help.tests.ps1">
        <results>
          <test-suite type="TestFixture" name="Test help for Get-AzDoRepo" executed="True" result="Success" success="True" time="0.2575" asserts="0" description="Test help for Get-AzDoRepo">
            <results>
              <test-suite type="TestFixture" name="Test help for Get-AzDoRepo.Parameter CollectionUri" executed="True" result="Success" success="True" time="0.1898" asserts="0" description="Test help for Get-AzDoRepo.Parameter CollectionUri">
                <results>
                  <test-case description="Has description" name="Test help for Get-AzDoRepo.Parameter CollectionUri.Has description" time="0.0521" asserts="0" success="True" result="Success" executed="True" />
                  <test-case description="Has correct [mandatory] value" name="Test help for Get-AzDoRepo.Parameter CollectionUri.Has correct [mandatory] value" time="0.0227" asserts="0" success="True" result="Success" executed="True" />
                  <test-case description="Has correct parameter type" name="Test help for Get-AzDoRepo.Parameter CollectionUri.Has correct parameter type" time="0.018" asserts="0" success="True" result="Success" executed="True" />
                </results>
              </test-suite>
              <test-suite type="TestFixture" name="Test help for Get-AzDoRepo.Parameter Name" executed="True" result="Success" success="True" time="0.2034" asserts="0" description="Test help for Get-AzDoRepo.Parameter Name">
                <results>
                  <test-case description="Has description" name="Test help for Get-AzDoRepo.Parameter Name.Has description" time="0.0031" asserts="0" success="True" result="Success" executed="True" />
                  <test-case description="Has correct [mandatory] value" name="Test help for Get-AzDoRepo.Parameter Name.Has correct [mandatory] value" time="0.0027" asserts="0" success="True" result="Success" executed="True" />
                  <test-case description="Has correct parameter type" name="Test help for Get-AzDoRepo.Parameter Name.Has correct parameter type" time="0.0029" asserts="0" success="True" result="Success" executed="True" />
                </results>
              </test-suite>
              <test-suite type="TestFixture" name="Test help for Get-AzDoRepo.Parameter PAT" executed="True" result="Success" success="True" time="0.2223" asserts="0" description="Test help for Get-AzDoRepo.Parameter PAT">
                <results>
                  <test-case description="Has description" name="Test help for Get-AzDoRepo.Parameter PAT.Has description" time="0.0047" asserts="0" success="True" result="Success" executed="True" />
                  <test-case description="Has correct [mandatory] value" name="Test help for Get-AzDoRepo.Parameter PAT.Has correct [mandatory] value" time="0.0024" asserts="0" success="True" result="Success" executed="True" />
                  <test-case description="Has correct parameter type" name="Test help for Get-AzDoRepo.Parameter PAT.Has correct parameter type" time="0.0051" asserts="0" success="True" result="Success" executed="True" />
                </results>
              </test-suite>
              <test-suite type="TestFixture" name="Test help for Get-AzDoRepo.Parameter ProjectName" executed="True" result="Success" success="True" time="0.2343" asserts="0" description="Test help for Get-AzDoRepo.Parameter ProjectName">
                <results>
                  <test-case description="Has description" name="Test help for Get-AzDoRepo.Parameter ProjectName.Has description" time="0.0027" asserts="0" success="True" result="Success" executed="True" />
                  <test-case description="Has correct [mandatory] value" name="Test help for Get-AzDoRepo.Parameter ProjectName.Has correct [mandatory] value" time="0.0026" asserts="0" success="True" result="Success" executed="True" />
                  <test-case description="Has correct parameter type" name="Test help for Get-AzDoRepo.Parameter ProjectName.Has correct parameter type" time="0.0023" asserts="0" success="True" result="Success" executed="True" />
                </results>
              </test-suite>
              <test-case description="Help is not auto-generated" name="Test help for Get-AzDoRepo.Help is not auto-generated" time="0.0186" asserts="0" success="True" result="Success" executed="True" />
              <test-case description="Has description" name="Test help for Get-AzDoRepo.Has description" time="0.0196" asserts="0" success="True" result="Success" executed="True" />
              <test-case description="Has example code" name="Test help for Get-AzDoRepo.Has example code" time="0.0154" asserts="0" success="True" result="Success" executed="True" />
              <test-case description="Has example help" name="Test help for Get-AzDoRepo.Has example help" time="0.0216" asserts="0" success="True" result="Success" executed="True" />
            </results>
          </test-suite>
          <test-suite type="TestFixture" name="Test help for New-AadAppRegistration" executed="True" result="Success" success="True" time="0.3141" asserts="0" description="Test help for New-AadAppRegistration">
            <results>
              <test-suite type="TestFixture" name="Test help for New-AadAppRegistration.Parameter Name" executed="True" result="Success" success="True" time="0.0411" asserts="0" description="Test help for New-AadAppRegistration.Parameter Name">
                <results>
                  <test-case description="Has description" name="Test help for New-AadAppRegistration.Parameter Name.Has description" time="0.0057" asserts="0" success="True" result="Success" executed="True" />
                  <test-case description="Has correct [mandatory] value" name="Test help for New-AadAppRegistration.Parameter Name.Has correct [mandatory] value" time="0.009" asserts="0" success="True" result="Success" executed="True" />
                  <test-case description="Has correct parameter type" name="Test help for New-AadAppRegistration.Parameter Name.Has correct parameter type" time="0.0025" asserts="0" success="True" result="Success" executed="True" />
                </results>
              </test-suite>
              <test-case description="Help is not auto-generated" name="Test help for New-AadAppRegistration.Help is not auto-generated" time="0.003" asserts="0" success="True" result="Success" executed="True" />
              <test-case description="Has description" name="Test help for New-AadAppRegistration.Has description" time="0.0062" asserts="0" success="True" result="Success" executed="True" />
              <test-case description="Has example code" name="Test help for New-AadAppRegistration.Has example code" time="0.0029" asserts="0" success="True" result="Success" executed="True" />
              <test-case description="Has example help" name="Test help for New-AadAppRegistration.Has example help" time="0.005" asserts="0" success="True" result="Success" executed="True" />
            </results>
          </test-suite>
          <test-suite type="TestFixture" name="Test help for New-AadAppRegistrationCertificate" executed="True" result="Success" success="True" time="0.4285" asserts="0" description="Test help for New-AadAppRegistrationCertificate">
            <results>
              <test-suite type="TestFixture" name="Test help for New-AadAppRegistrationCertificate.Parameter CertName" executed="True" result="Success" success="True" time="0.0338" asserts="0" description="Test help for New-AadAppRegistrationCertificate.Parameter CertName">
                <results>
                  <test-case description="Has description" name="Test help for New-AadAppRegistrationCertificate.Parameter CertName.Has description" time="0.0041" asserts="0" success="True" result="Success" executed="True" />
                  <test-case description="Has correct [mandatory] value" name="Test help for New-AadAppRegistrationCertificate.Parameter CertName.Has correct [mandatory] value" time="0.0023" asserts="0" success="True" result="Success" executed="True" />
                  <test-case description="Has correct parameter type" name="Test help for New-AadAppRegistrationCertificate.Parameter CertName.Has correct parameter type" time="0.0025" asserts="0" success="True" result="Success" executed="True" />
                </results>
              </test-suite>
              <test-suite type="TestFixture" name="Test help for New-AadAppRegistrationCertificate.Parameter KeyVaultName" executed="True" result="Success" success="True" time="0.0539" asserts="0" description="Test help for New-AadAppRegistrationCertificate.Parameter KeyVaultName">
                <results>
                  <test-case description="Has description" name="Test help for New-AadAppRegistrationCertificate.Parameter KeyVaultName.Has description" time="0.0045" asserts="0" success="True" result="Success" executed="True" />
                  <test-case description="Has correct [mandatory] value" name="Test help for New-AadAppRegistrationCertificate.Parameter KeyVaultName.Has correct [mandatory] value" time="0.0056" asserts="0" success="True" result="Success" executed="True" />
                  <test-case description="Has correct parameter type" name="Test help for New-AadAppRegistrationCertificate.Parameter KeyVaultName.Has correct parameter type" time="0.0029" asserts="0" success="True" result="Success" executed="True" />
                </results>
              </test-suite>
              <test-suite type="TestFixture" name="Test help for New-AadAppRegistrationCertificate.Parameter ObjectId" executed="True" result="Success" success="True" time="0.0692" asserts="0" description="Test help for New-AadAppRegistrationCertificate.Parameter ObjectId">
                <results>
                  <test-case description="Has description" name="Test help for New-AadAppRegistrationCertificate.Parameter ObjectId.Has description" time="0.0026" asserts="0" success="True" result="Success" executed="True" />
                  <test-case description="Has correct [mandatory] value" name="Test help for New-AadAppRegistrationCertificate.Parameter ObjectId.Has correct [mandatory] value" time="0.0038" asserts="0" success="True" result="Success" executed="True" />
                  <test-case description="Has correct parameter type" name="Test help for New-AadAppRegistrationCertificate.Parameter ObjectId.Has correct parameter type" time="0.0023" asserts="0" success="True" result="Success" executed="True" />
                </results>
              </test-suite>
              <test-suite type="TestFixture" name="Test help for New-AadAppRegistrationCertificate.Parameter SubjectName" executed="True" result="Success" success="True" time="0.0846" asserts="0" description="Test help for New-AadAppRegistrationCertificate.Parameter SubjectName">
                <results>
                  <test-case description="Has description" name="Test help for New-AadAppRegistrationCertificate.Parameter SubjectName.Has description" time="0.0035" asserts="0" success="True" result="Success" executed="True" />
                  <test-case description="Has correct [mandatory] value" name="Test help for New-AadAppRegistrationCertificate.Parameter SubjectName.Has correct [mandatory] value" time="0.0023" asserts="0" success="True" result="Success" executed="True" />
                  <test-case description="Has correct parameter type" name="Test help for New-AadAppRegistrationCertificate.Parameter SubjectName.Has correct parameter type" time="0.0047" asserts="0" success="True" result="Success" executed="True" />
                </results>
              </test-suite>
              <test-suite type="TestFixture" name="Test help for New-AadAppRegistrationCertificate.Parameter ValidityInMonths" executed="True" result="Success" success="True" time="0.1037" asserts="0" description="Test help for New-AadAppRegistrationCertificate.Parameter ValidityInMonths">
                <results>
                  <test-case description="Has description" name="Test help for New-AadAppRegistrationCertificate.Parameter ValidityInMonths.Has description" time="0.004" asserts="0" success="True" result="Success" executed="True" />
                  <test-case description="Has correct [mandatory] value" name="Test help for New-AadAppRegistrationCertificate.Parameter ValidityInMonths.Has correct [mandatory] value" time="0.0052" asserts="0" success="True" result="Success" executed="True" />
                  <test-case description="Has correct parameter type" name="Test help for New-AadAppRegistrationCertificate.Parameter ValidityInMonths.Has correct parameter type" time="0.0023" asserts="0" success="True" result="Success" executed="True" />
                </results>
              </test-suite>
              <test-case description="Help is not auto-generated" name="Test help for New-AadAppRegistrationCertificate.Help is not auto-generated" time="0.0075" asserts="0" success="True" result="Success" executed="True" />
              <test-case description="Has description" name="Test help for New-AadAppRegistrationCertificate.Has description" time="0.0023" asserts="0" success="True" result="Success" executed="True" />
              <test-case description="Has example code" name="Test help for New-AadAppRegistrationCertificate.Has example code" time="0.0058" asserts="0" success="True" result="Success" executed="True" />
              <test-case description="Has example help" name="Test help for New-AadAppRegistrationCertificate.Has example help" time="0.0025" asserts="0" success="True" result="Success" executed="True" />
            </results>
          </test-suite>
          <test-suite type="TestFixture" name="Test help for New-AadAppRegistrationSecret" executed="True" result="Success" success="True" time="0.539" asserts="0" description="Test help for New-AadAppRegistrationSecret">
            <results>
              <test-suite type="TestFixture" name="Test help for New-AadAppRegistrationSecret.Parameter ClientSecretName" executed="True" result="Success" success="True" time="0.0478" asserts="0" description="Test help for New-AadAppRegistrationSecret.Parameter ClientSecretName">
                <results>
                  <test-case description="Has description" name="Test help for New-AadAppRegistrationSecret.Parameter ClientSecretName.Has description" time="0.0036" asserts="0" success="True" result="Success" executed="True" />
                  <test-case description="Has correct [mandatory] value" name="Test help for New-AadAppRegistrationSecret.Parameter ClientSecretName.Has correct [mandatory] value" time="0.006" asserts="0" success="True" result="Success" executed="True" />
                  <test-case description="Has correct parameter type" name="Test help for New-AadAppRegistrationSecret.Parameter ClientSecretName.Has correct parameter type" time="0.0025" asserts="0" success="True" result="Success" executed="True" />
                </results>
              </test-suite>
              <test-suite type="TestFixture" name="Test help for New-AadAppRegistrationSecret.Parameter EndDate" executed="True" result="Success" success="True" time="0.0635" asserts="0" description="Test help for New-AadAppRegistrationSecret.Parameter EndDate">
                <results>
                  <test-case description="Has description" name="Test help for New-AadAppRegistrationSecret.Parameter EndDate.Has description" time="0.0032" asserts="0" success="True" result="Success" executed="True" />
                  <test-case description="Has correct [mandatory] value" name="Test help for New-AadAppRegistrationSecret.Parameter EndDate.Has correct [mandatory] value" time="0.0022" asserts="0" success="True" result="Success" executed="True" />
                  <test-case description="Has correct parameter type" name="Test help for New-AadAppRegistrationSecret.Parameter EndDate.Has correct parameter type" time="0.007" asserts="0" success="True" result="Success" executed="True" />
                </results>
              </test-suite>
              <test-suite type="TestFixture" name="Test help for New-AadAppRegistrationSecret.Parameter ObjectID" executed="True" result="Success" success="True" time="0.0844" asserts="0" description="Test help for New-AadAppRegistrationSecret.Parameter ObjectID">
                <results>
                  <test-case description="Has description" name="Test help for New-AadAppRegistrationSecret.Parameter ObjectID.Has description" time="0.0048" asserts="0" success="True" result="Success" executed="True" />
                  <test-case description="Has correct [mandatory] value" name="Test help for New-AadAppRegistrationSecret.Parameter ObjectID.Has correct [mandatory] value" time="0.007" asserts="0" success="True" result="Success" executed="True" />
                  <test-case description="Has correct parameter type" name="Test help for New-AadAppRegistrationSecret.Parameter ObjectID.Has correct parameter type" time="0.0044" asserts="0" success="True" result="Success" executed="True" />
                </results>
              </test-suite>
              <test-case description="Help is not auto-generated" name="Test help for New-AadAppRegistrationSecret.Help is not auto-generated" time="0.0218" asserts="0" success="True" result="Success" executed="True" />
              <test-case description="Has description" name="Test help for New-AadAppRegistrationSecret.Has description" time="0.002" asserts="0" success="True" result="Success" executed="True" />
              <test-case description="Has example code" name="Test help for New-AadAppRegistrationSecret.Has example code" time="0.0023" asserts="0" success="True" result="Success" executed="True" />
              <test-case description="Has example help" name="Test help for New-AadAppRegistrationSecret.Has example help" time="0.0025" asserts="0" success="True" result="Success" executed="True" />
            </results>
          </test-suite>
          <test-suite type="TestFixture" name="Test help for New-AadGroup" executed="True" result="Success" success="True" time="0.6204" asserts="0" description="Test help for New-AadGroup">
            <results>
              <test-suite type="TestFixture" name="Test help for New-AadGroup.Parameter MailEnabled" executed="True" result="Success" success="True" time="0.0318" asserts="0" description="Test help for New-AadGroup.Parameter MailEnabled">
                <results>
                  <test-case description="Has description" name="Test help for New-AadGroup.Parameter MailEnabled.Has description" time="0.0029" asserts="0" success="True" result="Success" executed="True" />
                  <test-case description="Has correct [mandatory] value" name="Test help for New-AadGroup.Parameter MailEnabled.Has correct [mandatory] value" time="0.007" asserts="0" success="True" result="Success" executed="True" />
                  <test-case description="Has correct parameter type" name="Test help for New-AadGroup.Parameter MailEnabled.Has correct parameter type" time="0.0033" asserts="0" success="True" result="Success" executed="True" />
                </results>
              </test-suite>
              <test-suite type="TestFixture" name="Test help for New-AadGroup.Parameter MailNickName" executed="True" result="Success" success="True" time="0.0493" asserts="0" description="Test help for New-AadGroup.Parameter MailNickName">
                <results>
                  <test-case description="Has description" name="Test help for New-AadGroup.Parameter MailNickName.Has description" time="0.0046" asserts="0" success="True" result="Success" executed="True" />
                  <test-case description="Has correct [mandatory] value" name="Test help for New-AadGroup.Parameter MailNickName.Has correct [mandatory] value" time="0.0053" asserts="0" success="True" result="Success" executed="True" />
                  <test-case description="Has correct parameter type" name="Test help for New-AadGroup.Parameter MailNickName.Has correct parameter type" time="0.0034" asserts="0" success="True" result="Success" executed="True" />
                </results>
              </test-suite>
              <test-suite type="TestFixture" name="Test help for New-AadGroup.Parameter Name" executed="True" result="Success" success="True" time="0.0682" asserts="0" description="Test help for New-AadGroup.Parameter Name">
                <results>
                  <test-case description="Has description" name="Test help for New-AadGroup.Parameter Name.Has description" time="0.0031" asserts="0" success="True" result="Success" executed="True" />
                  <test-case description="Has correct [mandatory] value" name="Test help for New-AadGroup.Parameter Name.Has correct [mandatory] value" time="0.0091" asserts="0" success="True" result="Success" executed="True" />
                  <test-case description="Has correct parameter type" name="Test help for New-AadGroup.Parameter Name.Has correct parameter type" time="0.0031" asserts="0" success="True" result="Success" executed="True" />
                </results>
              </test-suite>
              <test-case description="Help is not auto-generated" name="Test help for New-AadGroup.Help is not auto-generated" time="0.0029" asserts="0" success="True" result="Success" executed="True" />
              <test-case description="Has description" name="Test help for New-AadGroup.Has description" time="0.0019" asserts="0" success="True" result="Success" executed="True" />
              <test-case description="Has example code" name="Test help for New-AadGroup.Has example code" time="0.0035" asserts="0" success="True" result="Success" executed="True" />
              <test-case description="Has example help" name="Test help for New-AadGroup.Has example help" time="0.0062" asserts="0" success="True" result="Success" executed="True" />
            </results>
          </test-suite>
          <test-suite type="TestFixture" name="Test help for New-AzDoPipeline" executed="True" result="Success" success="True" time="0.7192" asserts="0" description="Test help for New-AzDoPipeline">
            <results>
              <test-suite type="TestFixture" name="Test help for New-AzDoPipeline.Parameter CollectionUri" executed="True" result="Success" success="True" time="0.0258" asserts="0" description="Test help for New-AzDoPipeline.Parameter CollectionUri">
                <results>
                  <test-case description="Has description" name="Test help for New-AzDoPipeline.Parameter CollectionUri.Has description" time="0.0026" asserts="0" success="True" result="Success" executed="True" />
                  <test-case description="Has correct [mandatory] value" name="Test help for New-AzDoPipeline.Parameter CollectionUri.Has correct [mandatory] value" time="0.0029" asserts="0" success="True" result="Success" executed="True" />
                  <test-case description="Has correct parameter type" name="Test help for New-AzDoPipeline.Parameter CollectionUri.Has correct parameter type" time="0.0022" asserts="0" success="True" result="Success" executed="True" />
                </results>
              </test-suite>
              <test-suite type="TestFixture" name="Test help for New-AzDoPipeline.Parameter Name" executed="True" result="Success" success="True" time="0.0412" asserts="0" description="Test help for New-AzDoPipeline.Parameter Name">
                <results>
                  <test-case description="Has description" name="Test help for New-AzDoPipeline.Parameter Name.Has description" time="0.0076" asserts="0" success="True" result="Success" executed="True" />
                  <test-case description="Has correct [mandatory] value" name="Test help for New-AzDoPipeline.Parameter Name.Has correct [mandatory] value" time="0.0026" asserts="0" success="True" result="Success" executed="True" />
                  <test-case description="Has correct parameter type" name="Test help for New-AzDoPipeline.Parameter Name.Has correct parameter type" time="0.0028" asserts="0" success="True" result="Success" executed="True" />
                </results>
              </test-suite>
              <test-suite type="TestFixture" name="Test help for New-AzDoPipeline.Parameter PAT" executed="True" result="Success" success="True" time="0.0579" asserts="0" description="Test help for New-AzDoPipeline.Parameter PAT">
                <results>
                  <test-case description="Has description" name="Test help for New-AzDoPipeline.Parameter PAT.Has description" time="0.0025" asserts="0" success="True" result="Success" executed="True" />
                  <test-case description="Has correct [mandatory] value" name="Test help for New-AzDoPipeline.Parameter PAT.Has correct [mandatory] value" time="0.0055" asserts="0" success="True" result="Success" executed="True" />
                  <test-case description="Has correct parameter type" name="Test help for New-AzDoPipeline.Parameter PAT.Has correct parameter type" time="0.0025" asserts="0" success="True" result="Success" executed="True" />
                </results>
              </test-suite>
              <test-suite type="TestFixture" name="Test help for New-AzDoPipeline.Parameter ProjectName" executed="True" result="Success" success="True" time="0.0721" asserts="0" description="Test help for New-AzDoPipeline.Parameter ProjectName">
                <results>
                  <test-case description="Has description" name="Test help for New-AzDoPipeline.Parameter ProjectName.Has description" time="0.0028" asserts="0" success="True" result="Success" executed="True" />
                  <test-case description="Has correct [mandatory] value" name="Test help for New-AzDoPipeline.Parameter ProjectName.Has correct [mandatory] value" time="0.0054" asserts="0" success="True" result="Success" executed="True" />
                  <test-case description="Has correct parameter type" name="Test help for New-AzDoPipeline.Parameter ProjectName.Has correct parameter type" time="0.0025" asserts="0" success="True" result="Success" executed="True" />
                </results>
              </test-suite>
              <test-suite type="TestFixture" name="Test help for New-AzDoPipeline.Parameter RepoName" executed="True" result="Success" success="True" time="0.0881" asserts="0" description="Test help for New-AzDoPipeline.Parameter RepoName">
                <results>
                  <test-case description="Has description" name="Test help for New-AzDoPipeline.Parameter RepoName.Has description" time="0.0026" asserts="0" success="True" result="Success" executed="True" />
                  <test-case description="Has correct [mandatory] value" name="Test help for New-AzDoPipeline.Parameter RepoName.Has correct [mandatory] value" time="0.0062" asserts="0" success="True" result="Success" executed="True" />
                  <test-case description="Has correct parameter type" name="Test help for New-AzDoPipeline.Parameter RepoName.Has correct parameter type" time="0.0041" asserts="0" success="True" result="Success" executed="True" />
                </results>
              </test-suite>
              <test-case description="Help is not auto-generated" name="Test help for New-AzDoPipeline.Help is not auto-generated" time="0.003" asserts="0" success="True" result="Success" executed="True" />
              <test-case description="Has description" name="Test help for New-AzDoPipeline.Has description" time="0.0031" asserts="0" success="True" result="Success" executed="True" />
              <test-case description="Has example code" name="Test help for New-AzDoPipeline.Has example code" time="0.0041" asserts="0" success="True" result="Success" executed="True" />
              <test-case description="Has example help" name="Test help for New-AzDoPipeline.Has example help" time="0.004" asserts="0" success="True" result="Success" executed="True" />
            </results>
          </test-suite>
          <test-suite type="TestFixture" name="Test help for New-AzDoProject" executed="True" result="Success" success="True" time="0.837" asserts="0" description="Test help for New-AzDoProject">
            <results>
              <test-suite type="TestFixture" name="Test help for New-AzDoProject.Parameter CollectionUri" executed="True" result="Success" success="True" time="0.0289" asserts="0" description="Test help for New-AzDoProject.Parameter CollectionUri">
                <results>
                  <test-case description="Has description" name="Test help for New-AzDoProject.Parameter CollectionUri.Has description" time="0.0025" asserts="0" success="True" result="Success" executed="True" />
                  <test-case description="Has correct [mandatory] value" name="Test help for New-AzDoProject.Parameter CollectionUri.Has correct [mandatory] value" time="0.0025" asserts="0" success="True" result="Success" executed="True" />
                  <test-case description="Has correct parameter type" name="Test help for New-AzDoProject.Parameter CollectionUri.Has correct parameter type" time="0.0026" asserts="0" success="True" result="Success" executed="True" />
                </results>
              </test-suite>
              <test-suite type="TestFixture" name="Test help for New-AzDoProject.Parameter Description" executed="True" result="Success" success="True" time="0.0466" asserts="0" description="Test help for New-AzDoProject.Parameter Description">
                <results>
                  <test-case description="Has description" name="Test help for New-AzDoProject.Parameter Description.Has description" time="0.0063" asserts="0" success="True" result="Success" executed="True" />
                  <test-case description="Has correct [mandatory] value" name="Test help for New-AzDoProject.Parameter Description.Has correct [mandatory] value" time="0.0067" asserts="0" success="True" result="Success" executed="True" />
                  <test-case description="Has correct parameter type" name="Test help for New-AzDoProject.Parameter Description.Has correct parameter type" time="0.0022" asserts="0" success="True" result="Success" executed="True" />
                </results>
              </test-suite>
              <test-suite type="TestFixture" name="Test help for New-AzDoProject.Parameter Name" executed="True" result="Success" success="True" time="0.061" asserts="0" description="Test help for New-AzDoProject.Parameter Name">
                <results>
                  <test-case description="Has description" name="Test help for New-AzDoProject.Parameter Name.Has description" time="0.0055" asserts="0" success="True" result="Success" executed="True" />
                  <test-case description="Has correct [mandatory] value" name="Test help for New-AzDoProject.Parameter Name.Has correct [mandatory] value" time="0.0036" asserts="0" success="True" result="Success" executed="True" />
                  <test-case description="Has correct parameter type" name="Test help for New-AzDoProject.Parameter Name.Has correct parameter type" time="0.0026" asserts="0" success="True" result="Success" executed="True" />
                </results>
              </test-suite>
              <test-suite type="TestFixture" name="Test help for New-AzDoProject.Parameter PAT" executed="True" result="Success" success="True" time="0.0768" asserts="0" description="Test help for New-AzDoProject.Parameter PAT">
                <results>
                  <test-case description="Has description" name="Test help for New-AzDoProject.Parameter PAT.Has description" time="0.008" asserts="0" success="True" result="Success" executed="True" />
                  <test-case description="Has correct [mandatory] value" name="Test help for New-AzDoProject.Parameter PAT.Has correct [mandatory] value" time="0.0026" asserts="0" success="True" result="Success" executed="True" />
                  <test-case description="Has correct parameter type" name="Test help for New-AzDoProject.Parameter PAT.Has correct parameter type" time="0.0026" asserts="0" success="True" result="Success" executed="True" />
                </results>
              </test-suite>
              <test-suite type="TestFixture" name="Test help for New-AzDoProject.Parameter SourceControlType" executed="True" result="Success" success="True" time="0.096" asserts="0" description="Test help for New-AzDoProject.Parameter SourceControlType">
                <results>
                  <test-case description="Has description" name="Test help for New-AzDoProject.Parameter SourceControlType.Has description" time="0.0032" asserts="0" success="True" result="Success" executed="True" />
                  <test-case description="Has correct [mandatory] value" name="Test help for New-AzDoProject.Parameter SourceControlType.Has correct [mandatory] value" time="0.0054" asserts="0" success="True" result="Success" executed="True" />
                  <test-case description="Has correct parameter type" name="Test help for New-AzDoProject.Parameter SourceControlType.Has correct parameter type" time="0.0077" asserts="0" success="True" result="Success" executed="True" />
                </results>
              </test-suite>
              <test-suite type="TestFixture" name="Test help for New-AzDoProject.Parameter Visibility" executed="True" result="Success" success="True" time="0.1099" asserts="0" description="Test help for New-AzDoProject.Parameter Visibility">
                <results>
                  <test-case description="Has description" name="Test help for New-AzDoProject.Parameter Visibility.Has description" time="0.006" asserts="0" success="True" result="Success" executed="True" />
                  <test-case description="Has correct [mandatory] value" name="Test help for New-AzDoProject.Parameter Visibility.Has correct [mandatory] value" time="0.0027" asserts="0" success="True" result="Success" executed="True" />
                  <test-case description="Has correct parameter type" name="Test help for New-AzDoProject.Parameter Visibility.Has correct parameter type" time="0.0026" asserts="0" success="True" result="Success" executed="True" />
                </results>
              </test-suite>
              <test-case description="Help is not auto-generated" name="Test help for New-AzDoProject.Help is not auto-generated" time="0.0058" asserts="0" success="True" result="Success" executed="True" />
              <test-case description="Has description" name="Test help for New-AzDoProject.Has description" time="0.002" asserts="0" success="True" result="Success" executed="True" />
              <test-case description="Has example code" name="Test help for New-AzDoProject.Has example code" time="0.0026" asserts="0" success="True" result="Success" executed="True" />
              <test-case description="Has example help" name="Test help for New-AzDoProject.Has example help" time="0.0043" asserts="0" success="True" result="Success" executed="True" />
            </results>
          </test-suite>
          <test-suite type="TestFixture" name="Test help for New-AzDoRepo" executed="True" result="Success" success="True" time="0.9319" asserts="0" description="Test help for New-AzDoRepo">
            <results>
              <test-suite type="TestFixture" name="Test help for New-AzDoRepo.Parameter CollectionUri" executed="True" result="Success" success="True" time="0.0299" asserts="0" description="Test help for New-AzDoRepo.Parameter CollectionUri">
                <results>
                  <test-case description="Has description" name="Test help for New-AzDoRepo.Parameter CollectionUri.Has description" time="0.003" asserts="0" success="True" result="Success" executed="True" />
                  <test-case description="Has correct [mandatory] value" name="Test help for New-AzDoRepo.Parameter CollectionUri.Has correct [mandatory] value" time="0.0062" asserts="0" success="True" result="Success" executed="True" />
                  <test-case description="Has correct parameter type" name="Test help for New-AzDoRepo.Parameter CollectionUri.Has correct parameter type" time="0.0024" asserts="0" success="True" result="Success" executed="True" />
                </results>
              </test-suite>
              <test-suite type="TestFixture" name="Test help for New-AzDoRepo.Parameter Name" executed="True" result="Success" success="True" time="0.0424" asserts="0" description="Test help for New-AzDoRepo.Parameter Name">
                <results>
                  <test-case description="Has description" name="Test help for New-AzDoRepo.Parameter Name.Has description" time="0.0045" asserts="0" success="True" result="Success" executed="True" />
                  <test-case description="Has correct [mandatory] value" name="Test help for New-AzDoRepo.Parameter Name.Has correct [mandatory] value" time="0.003" asserts="0" success="True" result="Success" executed="True" />
                  <test-case description="Has correct parameter type" name="Test help for New-AzDoRepo.Parameter Name.Has correct parameter type" time="0.002" asserts="0" success="True" result="Success" executed="True" />
                </results>
              </test-suite>
              <test-suite type="TestFixture" name="Test help for New-AzDoRepo.Parameter PAT" executed="True" result="Success" success="True" time="0.0595" asserts="0" description="Test help for New-AzDoRepo.Parameter PAT">
                <results>
                  <test-case description="Has description" name="Test help for New-AzDoRepo.Parameter PAT.Has description" time="0.0083" asserts="0" success="True" result="Success" executed="True" />
                  <test-case description="Has correct [mandatory] value" name="Test help for New-AzDoRepo.Parameter PAT.Has correct [mandatory] value" time="0.0032" asserts="0" success="True" result="Success" executed="True" />
                  <test-case description="Has correct parameter type" name="Test help for New-AzDoRepo.Parameter PAT.Has correct parameter type" time="0.002" asserts="0" success="True" result="Success" executed="True" />
                </results>
              </test-suite>
              <test-suite type="TestFixture" name="Test help for New-AzDoRepo.Parameter ProjectName" executed="True" result="Success" success="True" time="0.0803" asserts="0" description="Test help for New-AzDoRepo.Parameter ProjectName">
                <results>
                  <test-case description="Has description" name="Test help for New-AzDoRepo.Parameter ProjectName.Has description" time="0.0051" asserts="0" success="True" result="Success" executed="True" />
                  <test-case description="Has correct [mandatory] value" name="Test help for New-AzDoRepo.Parameter ProjectName.Has correct [mandatory] value" time="0.0029" asserts="0" success="True" result="Success" executed="True" />
                  <test-case description="Has correct parameter type" name="Test help for New-AzDoRepo.Parameter ProjectName.Has correct parameter type" time="0.0049" asserts="0" success="True" result="Success" executed="True" />
                </results>
              </test-suite>
              <test-case description="Help is not auto-generated" name="Test help for New-AzDoRepo.Help is not auto-generated" time="0.0033" asserts="0" success="True" result="Success" executed="True" />
              <test-case description="Has description" name="Test help for New-AzDoRepo.Has description" time="0.002" asserts="0" success="True" result="Success" executed="True" />
              <test-case description="Has example code" name="Test help for New-AzDoRepo.Has example code" time="0.0019" asserts="0" success="True" result="Success" executed="True" />
              <test-case description="Has example help" name="Test help for New-AzDoRepo.Has example help" time="0.0025" asserts="0" success="True" result="Success" executed="True" />
            </results>
          </test-suite>
          <test-suite type="TestFixture" name="Test help for New-AzDoRepoClone" executed="True" result="Success" success="True" time="1.1046" asserts="0" description="Test help for New-AzDoRepoClone">
            <results>
              <test-suite type="TestFixture" name="Test help for New-AzDoRepoClone.Parameter DestinationOrganizationName" executed="True" result="Success" success="True" time="0.0345" asserts="0" description="Test help for New-AzDoRepoClone.Parameter DestinationOrganizationName">
                <results>
                  <test-case description="Has description" name="Test help for New-AzDoRepoClone.Parameter DestinationOrganizationName.Has description" time="0.0048" asserts="0" success="True" result="Success" executed="True" />
                  <test-case description="Has correct [mandatory] value" name="Test help for New-AzDoRepoClone.Parameter DestinationOrganizationName.Has correct [mandatory] value" time="0.0046" asserts="0" success="True" result="Success" executed="True" />
                  <test-case description="Has correct parameter type" name="Test help for New-AzDoRepoClone.Parameter DestinationOrganizationName.Has correct parameter type" time="0.0022" asserts="0" success="True" result="Success" executed="True" />
                </results>
              </test-suite>
              <test-suite type="TestFixture" name="Test help for New-AzDoRepoClone.Parameter DestinationPAT" executed="True" result="Success" success="True" time="0.049" asserts="0" description="Test help for New-AzDoRepoClone.Parameter DestinationPAT">
                <results>
                  <test-case description="Has description" name="Test help for New-AzDoRepoClone.Parameter DestinationPAT.Has description" time="0.003" asserts="0" success="True" result="Success" executed="True" />
                  <test-case description="Has correct [mandatory] value" name="Test help for New-AzDoRepoClone.Parameter DestinationPAT.Has correct [mandatory] value" time="0.0037" asserts="0" success="True" result="Success" executed="True" />
                  <test-case description="Has correct parameter type" name="Test help for New-AzDoRepoClone.Parameter DestinationPAT.Has correct parameter type" time="0.0029" asserts="0" success="True" result="Success" executed="True" />
                </results>
              </test-suite>
              <test-suite type="TestFixture" name="Test help for New-AzDoRepoClone.Parameter DestinationProjectName" executed="True" result="Success" success="True" time="0.0641" asserts="0" description="Test help for New-AzDoRepoClone.Parameter DestinationProjectName">
                <results>
                  <test-case description="Has description" name="Test help for New-AzDoRepoClone.Parameter DestinationProjectName.Has description" time="0.0078" asserts="0" success="True" result="Success" executed="True" />
                  <test-case description="Has correct [mandatory] value" name="Test help for New-AzDoRepoClone.Parameter DestinationProjectName.Has correct [mandatory] value" time="0.0025" asserts="0" success="True" result="Success" executed="True" />
                  <test-case description="Has correct parameter type" name="Test help for New-AzDoRepoClone.Parameter DestinationProjectName.Has correct parameter type" time="0.0024" asserts="0" success="True" result="Success" executed="True" />
                </results>
              </test-suite>
              <test-suite type="TestFixture" name="Test help for New-AzDoRepoClone.Parameter DestinationRepoName" executed="True" result="Success" success="True" time="0.0792" asserts="0" description="Test help for New-AzDoRepoClone.Parameter DestinationRepoName">
                <results>
                  <test-case description="Has description" name="Test help for New-AzDoRepoClone.Parameter DestinationRepoName.Has description" time="0.0024" asserts="0" success="True" result="Success" executed="True" />
                  <test-case description="Has correct [mandatory] value" name="Test help for New-AzDoRepoClone.Parameter DestinationRepoName.Has correct [mandatory] value" time="0.0045" asserts="0" success="True" result="Success" executed="True" />
                  <test-case description="Has correct parameter type" name="Test help for New-AzDoRepoClone.Parameter DestinationRepoName.Has correct parameter type" time="0.0054" asserts="0" success="True" result="Success" executed="True" />
                </results>
              </test-suite>
              <test-suite type="TestFixture" name="Test help for New-AzDoRepoClone.Parameter Mirror" executed="True" result="Success" success="True" time="0.0917" asserts="0" description="Test help for New-AzDoRepoClone.Parameter Mirror">
                <results>
                  <test-case description="Has description" name="Test help for New-AzDoRepoClone.Parameter Mirror.Has description" time="0.0023" asserts="0" success="True" result="Success" executed="True" />
                  <test-case description="Has correct [mandatory] value" name="Test help for New-AzDoRepoClone.Parameter Mirror.Has correct [mandatory] value" time="0.0021" asserts="0" success="True" result="Success" executed="True" />
                  <test-case description="Has correct parameter type" name="Test help for New-AzDoRepoClone.Parameter Mirror.Has correct parameter type" time="0.0057" asserts="0" success="True" result="Success" executed="True" />
                </results>
              </test-suite>
              <test-suite type="TestFixture" name="Test help for New-AzDoRepoClone.Parameter NewRepo" executed="True" result="Success" success="True" time="0.1056" asserts="0" description="Test help for New-AzDoRepoClone.Parameter NewRepo">
                <results>
                  <test-case description="Has description" name="Test help for New-AzDoRepoClone.Parameter NewRepo.Has description" time="0.0048" asserts="0" success="True" result="Success" executed="True" />
                  <test-case description="Has correct [mandatory] value" name="Test help for New-AzDoRepoClone.Parameter NewRepo.Has correct [mandatory] value" time="0.0021" asserts="0" success="True" result="Success" executed="True" />
                  <test-case description="Has correct parameter type" name="Test help for New-AzDoRepoClone.Parameter NewRepo.Has correct parameter type" time="0.0025" asserts="0" success="True" result="Success" executed="True" />
                </results>
              </test-suite>
              <test-suite type="TestFixture" name="Test help for New-AzDoRepoClone.Parameter SourceOrganizationName" executed="True" result="Success" success="True" time="0.1211" asserts="0" description="Test help for New-AzDoRepoClone.Parameter SourceOrganizationName">
                <results>
                  <test-case description="Has description" name="Test help for New-AzDoRepoClone.Parameter SourceOrganizationName.Has description" time="0.0027" asserts="0" success="True" result="Success" executed="True" />
                  <test-case description="Has correct [mandatory] value" name="Test help for New-AzDoRepoClone.Parameter SourceOrganizationName.Has correct [mandatory] value" time="0.0026" asserts="0" success="True" result="Success" executed="True" />
                  <test-case description="Has correct parameter type" name="Test help for New-AzDoRepoClone.Parameter SourceOrganizationName.Has correct parameter type" time="0.0023" asserts="0" success="True" result="Success" executed="True" />
                </results>
              </test-suite>
              <test-suite type="TestFixture" name="Test help for New-AzDoRepoClone.Parameter SourcePAT" executed="True" result="Success" success="True" time="0.1334" asserts="0" description="Test help for New-AzDoRepoClone.Parameter SourcePAT">
                <results>
                  <test-case description="Has description" name="Test help for New-AzDoRepoClone.Parameter SourcePAT.Has description" time="0.0027" asserts="0" success="True" result="Success" executed="True" />
                  <test-case description="Has correct [mandatory] value" name="Test help for New-AzDoRepoClone.Parameter SourcePAT.Has correct [mandatory] value" time="0.0041" asserts="0" success="True" result="Success" executed="True" />
                  <test-case description="Has correct parameter type" name="Test help for New-AzDoRepoClone.Parameter SourcePAT.Has correct parameter type" time="0.002" asserts="0" success="True" result="Success" executed="True" />
                </results>
              </test-suite>
              <test-suite type="TestFixture" name="Test help for New-AzDoRepoClone.Parameter SourceProjectName" executed="True" result="Success" success="True" time="0.149" asserts="0" description="Test help for New-AzDoRepoClone.Parameter SourceProjectName">
                <results>
                  <test-case description="Has description" name="Test help for New-AzDoRepoClone.Parameter SourceProjectName.Has description" time="0.0051" asserts="0" success="True" result="Success" executed="True" />
                  <test-case description="Has correct [mandatory] value" name="Test help for New-AzDoRepoClone.Parameter SourceProjectName.Has correct [mandatory] value" time="0.0054" asserts="0" success="True" result="Success" executed="True" />
                  <test-case description="Has correct parameter type" name="Test help for New-AzDoRepoClone.Parameter SourceProjectName.Has correct parameter type" time="0.0024" asserts="0" success="True" result="Success" executed="True" />
                </results>
              </test-suite>
              <test-suite type="TestFixture" name="Test help for New-AzDoRepoClone.Parameter SourceRepoName" executed="True" result="Success" success="True" time="0.1624" asserts="0" description="Test help for New-AzDoRepoClone.Parameter SourceRepoName">
                <results>
                  <test-case description="Has description" name="Test help for New-AzDoRepoClone.Parameter SourceRepoName.Has description" time="0.0044" asserts="0" success="True" result="Success" executed="True" />
                  <test-case description="Has correct [mandatory] value" name="Test help for New-AzDoRepoClone.Parameter SourceRepoName.Has correct [mandatory] value" time="0.0035" asserts="0" success="True" result="Success" executed="True" />
                  <test-case description="Has correct parameter type" name="Test help for New-AzDoRepoClone.Parameter SourceRepoName.Has correct parameter type" time="0.0026" asserts="0" success="True" result="Success" executed="True" />
                </results>
              </test-suite>
              <test-case description="Help is not auto-generated" name="Test help for New-AzDoRepoClone.Help is not auto-generated" time="0.0073" asserts="0" success="True" result="Success" executed="True" />
              <test-case description="Has description" name="Test help for New-AzDoRepoClone.Has description" time="0.0023" asserts="0" success="True" result="Success" executed="True" />
              <test-case description="Has example code" name="Test help for New-AzDoRepoClone.Has example code" time="0.0025" asserts="0" success="True" result="Success" executed="True" />
              <test-case description="Has example help" name="Test help for New-AzDoRepoClone.Has example help" time="0.0049" asserts="0" success="True" result="Success" executed="True" />
            </results>
          </test-suite>
          <test-suite type="TestFixture" name="Test help for New-AzDoRepoFork" executed="True" result="Success" success="True" time="1.2467" asserts="0" description="Test help for New-AzDoRepoFork">
            <results>
              <test-suite type="TestFixture" name="Test help for New-AzDoRepoFork.Parameter CollectionUri" executed="True" result="Success" success="True" time="0.0258" asserts="0" description="Test help for New-AzDoRepoFork.Parameter CollectionUri">
                <results>
                  <test-case description="Has description" name="Test help for New-AzDoRepoFork.Parameter CollectionUri.Has description" time="0.0058" asserts="0" success="True" result="Success" executed="True" />
                  <test-case description="Has correct [mandatory] value" name="Test help for New-AzDoRepoFork.Parameter CollectionUri.Has correct [mandatory] value" time="0.0022" asserts="0" success="True" result="Success" executed="True" />
                  <test-case description="Has correct parameter type" name="Test help for New-AzDoRepoFork.Parameter CollectionUri.Has correct parameter type" time="0.002" asserts="0" success="True" result="Success" executed="True" />
                </results>
              </test-suite>
              <test-suite type="TestFixture" name="Test help for New-AzDoRepoFork.Parameter CopyBranch" executed="True" result="Success" success="True" time="0.0387" asserts="0" description="Test help for New-AzDoRepoFork.Parameter CopyBranch">
                <results>
                  <test-case description="Has description" name="Test help for New-AzDoRepoFork.Parameter CopyBranch.Has description" time="0.0055" asserts="0" success="True" result="Success" executed="True" />
                  <test-case description="Has correct [mandatory] value" name="Test help for New-AzDoRepoFork.Parameter CopyBranch.Has correct [mandatory] value" time="0.0024" asserts="0" success="True" result="Success" executed="True" />
                  <test-case description="Has correct parameter type" name="Test help for New-AzDoRepoFork.Parameter CopyBranch.Has correct parameter type" time="0.0025" asserts="0" success="True" result="Success" executed="True" />
                </results>
              </test-suite>
              <test-suite type="TestFixture" name="Test help for New-AzDoRepoFork.Parameter ForkName" executed="True" result="Success" success="True" time="0.0542" asserts="0" description="Test help for New-AzDoRepoFork.Parameter ForkName">
                <results>
                  <test-case description="Has description" name="Test help for New-AzDoRepoFork.Parameter ForkName.Has description" time="0.0024" asserts="0" success="True" result="Success" executed="True" />
                  <test-case description="Has correct [mandatory] value" name="Test help for New-AzDoRepoFork.Parameter ForkName.Has correct [mandatory] value" time="0.0066" asserts="0" success="True" result="Success" executed="True" />
                  <test-case description="Has correct parameter type" name="Test help for New-AzDoRepoFork.Parameter ForkName.Has correct parameter type" time="0.0024" asserts="0" success="True" result="Success" executed="True" />
                </results>
              </test-suite>
              <test-suite type="TestFixture" name="Test help for New-AzDoRepoFork.Parameter PAT" executed="True" result="Success" success="True" time="0.0687" asserts="0" description="Test help for New-AzDoRepoFork.Parameter PAT">
                <results>
                  <test-case description="Has description" name="Test help for New-AzDoRepoFork.Parameter PAT.Has description" time="0.0026" asserts="0" success="True" result="Success" executed="True" />
                  <test-case description="Has correct [mandatory] value" name="Test help for New-AzDoRepoFork.Parameter PAT.Has correct [mandatory] value" time="0.0036" asserts="0" success="True" result="Success" executed="True" />
                  <test-case description="Has correct parameter type" name="Test help for New-AzDoRepoFork.Parameter PAT.Has correct parameter type" time="0.0045" asserts="0" success="True" result="Success" executed="True" />
                </results>
              </test-suite>
              <test-suite type="TestFixture" name="Test help for New-AzDoRepoFork.Parameter ProjectId" executed="True" result="Success" success="True" time="0.0851" asserts="0" description="Test help for New-AzDoRepoFork.Parameter ProjectId">
                <results>
                  <test-case description="Has description" name="Test help for New-AzDoRepoFork.Parameter ProjectId.Has description" time="0.0024" asserts="0" success="True" result="Success" executed="True" />
                  <test-case description="Has correct [mandatory] value" name="Test help for New-AzDoRepoFork.Parameter ProjectId.Has correct [mandatory] value" time="0.0037" asserts="0" success="True" result="Success" executed="True" />
                  <test-case description="Has correct parameter type" name="Test help for New-AzDoRepoFork.Parameter ProjectId.Has correct parameter type" time="0.0047" asserts="0" success="True" result="Success" executed="True" />
                </results>
              </test-suite>
              <test-suite type="TestFixture" name="Test help for New-AzDoRepoFork.Parameter SourceProjectId" executed="True" result="Success" success="True" time="0.1004" asserts="0" description="Test help for New-AzDoRepoFork.Parameter SourceProjectId">
                <results>
                  <test-case description="Has description" name="Test help for New-AzDoRepoFork.Parameter SourceProjectId.Has description" time="0.0025" asserts="0" success="True" result="Success" executed="True" />
                  <test-case description="Has correct [mandatory] value" name="Test help for New-AzDoRepoFork.Parameter SourceProjectId.Has correct [mandatory] value" time="0.0022" asserts="0" success="True" result="Success" executed="True" />
                  <test-case description="Has correct parameter type" name="Test help for New-AzDoRepoFork.Parameter SourceProjectId.Has correct parameter type" time="0.0077" asserts="0" success="True" result="Success" executed="True" />
                </results>
              </test-suite>
              <test-suite type="TestFixture" name="Test help for New-AzDoRepoFork.Parameter SourceRepo" executed="True" result="Success" success="True" time="0.1098" asserts="0" description="Test help for New-AzDoRepoFork.Parameter SourceRepo">
                <results>
                  <test-case description="Has description" name="Test help for New-AzDoRepoFork.Parameter SourceRepo.Has description" time="0.0028" asserts="0" success="True" result="Success" executed="True" />
                  <test-case description="Has correct [mandatory] value" name="Test help for New-AzDoRepoFork.Parameter SourceRepo.Has correct [mandatory] value" time="0.002" asserts="0" success="True" result="Success" executed="True" />
                  <test-case description="Has correct parameter type" name="Test help for New-AzDoRepoFork.Parameter SourceRepo.Has correct parameter type" time="0.0019" asserts="0" success="True" result="Success" executed="True" />
                </results>
              </test-suite>
              <test-suite type="TestFixture" name="Test help for New-AzDoRepoFork.Parameter ToBeForkedBranch" executed="True" result="Success" success="True" time="0.1295" asserts="0" description="Test help for New-AzDoRepoFork.Parameter ToBeForkedBranch">
                <results>
                  <test-case description="Has description" name="Test help for New-AzDoRepoFork.Parameter ToBeForkedBranch.Has description" time="0.0074" asserts="0" success="True" result="Success" executed="True" />
                  <test-case description="Has correct [mandatory] value" name="Test help for New-AzDoRepoFork.Parameter ToBeForkedBranch.Has correct [mandatory] value" time="0.0025" asserts="0" success="True" result="Success" executed="True" />
                  <test-case description="Has correct parameter type" name="Test help for New-AzDoRepoFork.Parameter ToBeForkedBranch.Has correct parameter type" time="0.0022" asserts="0" success="True" result="Success" executed="True" />
                </results>
              </test-suite>
              <test-case description="Help is not auto-generated" name="Test help for New-AzDoRepoFork.Help is not auto-generated" time="0.0035" asserts="0" success="True" result="Success" executed="True" />
              <test-case description="Has description" name="Test help for New-AzDoRepoFork.Has description" time="0.0024" asserts="0" success="True" result="Success" executed="True" />
              <test-case description="Has example code" name="Test help for New-AzDoRepoFork.Has example code" time="0.0021" asserts="0" success="True" result="Success" executed="True" />
              <test-case description="Has example help" name="Test help for New-AzDoRepoFork.Has example help" time="0.0025" asserts="0" success="True" result="Success" executed="True" />
            </results>
          </test-suite>
          <test-suite type="TestFixture" name="Test help for New-AzDoServiceConnection" executed="True" result="Success" success="True" time="1.5544" asserts="0" description="Test help for New-AzDoServiceConnection">
            <results>
              <test-suite type="TestFixture" name="Test help for New-AzDoServiceConnection.Parameter AuthenticationType" executed="True" result="Success" success="True" time="0.0321" asserts="0" description="Test help for New-AzDoServiceConnection.Parameter AuthenticationType">
                <results>
                  <test-case description="Has description" name="Test help for New-AzDoServiceConnection.Parameter AuthenticationType.Has description" time="0.0057" asserts="0" success="True" result="Success" executed="True" />
                  <test-case description="Has correct [mandatory] value" name="Test help for New-AzDoServiceConnection.Parameter AuthenticationType.Has correct [mandatory] value" time="0.0025" asserts="0" success="True" result="Success" executed="True" />
                  <test-case description="Has correct parameter type" name="Test help for New-AzDoServiceConnection.Parameter AuthenticationType.Has correct parameter type" time="0.0026" asserts="0" success="True" result="Success" executed="True" />
                </results>
              </test-suite>
              <test-suite type="TestFixture" name="Test help for New-AzDoServiceConnection.Parameter CertName" executed="True" result="Success" success="True" time="0.0502" asserts="0" description="Test help for New-AzDoServiceConnection.Parameter CertName">
                <results>
                  <test-case description="Has description" name="Test help for New-AzDoServiceConnection.Parameter CertName.Has description" time="0.0035" asserts="0" success="True" result="Success" executed="True" />
                  <test-case description="Has correct [mandatory] value" name="Test help for New-AzDoServiceConnection.Parameter CertName.Has correct [mandatory] value" time="0.009" asserts="0" success="True" result="Success" executed="True" />
                  <test-case description="Has correct parameter type" name="Test help for New-AzDoServiceConnection.Parameter CertName.Has correct parameter type" time="0.0027" asserts="0" success="True" result="Success" executed="True" />
                </results>
              </test-suite>
              <test-suite type="TestFixture" name="Test help for New-AzDoServiceConnection.Parameter CollectionUri" executed="True" result="Success" success="True" time="0.0633" asserts="0" description="Test help for New-AzDoServiceConnection.Parameter CollectionUri">
                <results>
                  <test-case description="Has description" name="Test help for New-AzDoServiceConnection.Parameter CollectionUri.Has description" time="0.0044" asserts="0" success="True" result="Success" executed="True" />
                  <test-case description="Has correct [mandatory] value" name="Test help for New-AzDoServiceConnection.Parameter CollectionUri.Has correct [mandatory] value" time="0.0033" asserts="0" success="True" result="Success" executed="True" />
                  <test-case description="Has correct parameter type" name="Test help for New-AzDoServiceConnection.Parameter CollectionUri.Has correct parameter type" time="0.0027" asserts="0" success="True" result="Success" executed="True" />
                </results>
              </test-suite>
              <test-suite type="TestFixture" name="Test help for New-AzDoServiceConnection.Parameter Description" executed="True" result="Success" success="True" time="0.0796" asserts="0" description="Test help for New-AzDoServiceConnection.Parameter Description">
                <results>
                  <test-case description="Has description" name="Test help for New-AzDoServiceConnection.Parameter Description.Has description" time="0.0026" asserts="0" success="True" result="Success" executed="True" />
                  <test-case description="Has correct [mandatory] value" name="Test help for New-AzDoServiceConnection.Parameter Description.Has correct [mandatory] value" time="0.0064" asserts="0" success="True" result="Success" executed="True" />
                  <test-case description="Has correct parameter type" name="Test help for New-AzDoServiceConnection.Parameter Description.Has correct parameter type" time="0.0024" asserts="0" success="True" result="Success" executed="True" />
                </results>
              </test-suite>
              <test-suite type="TestFixture" name="Test help for New-AzDoServiceConnection.Parameter KeyVaultName" executed="True" result="Success" success="True" time="0.095" asserts="0" description="Test help for New-AzDoServiceConnection.Parameter KeyVaultName">
                <results>
                  <test-case description="Has description" name="Test help for New-AzDoServiceConnection.Parameter KeyVaultName.Has description" time="0.0024" asserts="0" success="True" result="Success" executed="True" />
                  <test-case description="Has correct [mandatory] value" name="Test help for New-AzDoServiceConnection.Parameter KeyVaultName.Has correct [mandatory] value" time="0.0074" asserts="0" success="True" result="Success" executed="True" />
                  <test-case description="Has correct parameter type" name="Test help for New-AzDoServiceConnection.Parameter KeyVaultName.Has correct parameter type" time="0.0026" asserts="0" success="True" result="Success" executed="True" />
                </results>
              </test-suite>
              <test-suite type="TestFixture" name="Test help for New-AzDoServiceConnection.Parameter ManagementGroupId" executed="True" result="Success" success="True" time="0.1114" asserts="0" description="Test help for New-AzDoServiceConnection.Parameter ManagementGroupId">
                <results>
                  <test-case description="Has description" name="Test help for New-AzDoServiceConnection.Parameter ManagementGroupId.Has description" time="0.0027" asserts="0" success="True" result="Success" executed="True" />
                  <test-case description="Has correct [mandatory] value" name="Test help for New-AzDoServiceConnection.Parameter ManagementGroupId.Has correct [mandatory] value" time="0.0046" asserts="0" success="True" result="Success" executed="True" />
                  <test-case description="Has correct parameter type" name="Test help for New-AzDoServiceConnection.Parameter ManagementGroupId.Has correct parameter type" time="0.0037" asserts="0" success="True" result="Success" executed="True" />
                </results>
              </test-suite>
              <test-suite type="TestFixture" name="Test help for New-AzDoServiceConnection.Parameter ManagementGroupName" executed="True" result="Success" success="True" time="0.1324" asserts="0" description="Test help for New-AzDoServiceConnection.Parameter ManagementGroupName">
                <results>
                  <test-case description="Has description" name="Test help for New-AzDoServiceConnection.Parameter ManagementGroupName.Has description" time="0.0076" asserts="0" success="True" result="Success" executed="True" />
                  <test-case description="Has correct [mandatory] value" name="Test help for New-AzDoServiceConnection.Parameter ManagementGroupName.Has correct [mandatory] value" time="0.0039" asserts="0" success="True" result="Success" executed="True" />
                  <test-case description="Has correct parameter type" name="Test help for New-AzDoServiceConnection.Parameter ManagementGroupName.Has correct parameter type" time="0.0052" asserts="0" success="True" result="Success" executed="True" />
                </results>
              </test-suite>
              <test-suite type="TestFixture" name="Test help for New-AzDoServiceConnection.Parameter Name" executed="True" result="Success" success="True" time="0.1482" asserts="0" description="Test help for New-AzDoServiceConnection.Parameter Name">
                <results>
                  <test-case description="Has description" name="Test help for New-AzDoServiceConnection.Parameter Name.Has description" time="0.0025" asserts="0" success="True" result="Success" executed="True" />
                  <test-case description="Has correct [mandatory] value" name="Test help for New-AzDoServiceConnection.Parameter Name.Has correct [mandatory] value" time="0.0055" asserts="0" success="True" result="Success" executed="True" />
                  <test-case description="Has correct parameter type" name="Test help for New-AzDoServiceConnection.Parameter Name.Has correct parameter type" time="0.0052" asserts="0" success="True" result="Success" executed="True" />
                </results>
              </test-suite>
              <test-suite type="TestFixture" name="Test help for New-AzDoServiceConnection.Parameter PAT" executed="True" result="Success" success="True" time="0.1618" asserts="0" description="Test help for New-AzDoServiceConnection.Parameter PAT">
                <results>
                  <test-case description="Has description" name="Test help for New-AzDoServiceConnection.Parameter PAT.Has description" time="0.0026" asserts="0" success="True" result="Success" executed="True" />
                  <test-case description="Has correct [mandatory] value" name="Test help for New-AzDoServiceConnection.Parameter PAT.Has correct [mandatory] value" time="0.0047" asserts="0" success="True" result="Success" executed="True" />
                  <test-case description="Has correct parameter type" name="Test help for New-AzDoServiceConnection.Parameter PAT.Has correct parameter type" time="0.0038" asserts="0" success="True" result="Success" executed="True" />
                </results>
              </test-suite>
              <test-suite type="TestFixture" name="Test help for New-AzDoServiceConnection.Parameter ProjectID" executed="True" result="Success" success="True" time="0.1777" asserts="0" description="Test help for New-AzDoServiceConnection.Parameter ProjectID">
                <results>
                  <test-case description="Has description" name="Test help for New-AzDoServiceConnection.Parameter ProjectID.Has description" time="0.0048" asserts="0" success="True" result="Success" executed="True" />
                  <test-case description="Has correct [mandatory] value" name="Test help for New-AzDoServiceConnection.Parameter ProjectID.Has correct [mandatory] value" time="0.004" asserts="0" success="True" result="Success" executed="True" />
                  <test-case description="Has correct parameter type" name="Test help for New-AzDoServiceConnection.Parameter ProjectID.Has correct parameter type" time="0.0042" asserts="0" success="True" result="Success" executed="True" />
                </results>
              </test-suite>
              <test-suite type="TestFixture" name="Test help for New-AzDoServiceConnection.Parameter ProjectName" executed="True" result="Success" success="True" time="0.1923" asserts="0" description="Test help for New-AzDoServiceConnection.Parameter ProjectName">
                <results>
                  <test-case description="Has description" name="Test help for New-AzDoServiceConnection.Parameter ProjectName.Has description" time="0.0027" asserts="0" success="True" result="Success" executed="True" />
                  <test-case description="Has correct [mandatory] value" name="Test help for New-AzDoServiceConnection.Parameter ProjectName.Has correct [mandatory] value" time="0.002" asserts="0" success="True" result="Success" executed="True" />
                  <test-case description="Has correct parameter type" name="Test help for New-AzDoServiceConnection.Parameter ProjectName.Has correct parameter type" time="0.0022" asserts="0" success="True" result="Success" executed="True" />
                </results>
              </test-suite>
              <test-suite type="TestFixture" name="Test help for New-AzDoServiceConnection.Parameter ScopeLevel" executed="True" result="Success" success="True" time="0.207" asserts="0" description="Test help for New-AzDoServiceConnection.Parameter ScopeLevel">
                <results>
                  <test-case description="Has description" name="Test help for New-AzDoServiceConnection.Parameter ScopeLevel.Has description" time="0.0048" asserts="0" success="True" result="Success" executed="True" />
                  <test-case description="Has correct [mandatory] value" name="Test help for New-AzDoServiceConnection.Parameter ScopeLevel.Has correct [mandatory] value" time="0.0022" asserts="0" success="True" result="Success" executed="True" />
                  <test-case description="Has correct parameter type" name="Test help for New-AzDoServiceConnection.Parameter ScopeLevel.Has correct parameter type" time="0.0022" asserts="0" success="True" result="Success" executed="True" />
                </results>
              </test-suite>
              <test-suite type="TestFixture" name="Test help for New-AzDoServiceConnection.Parameter Serviceprincipalid" executed="True" result="Success" success="True" time="0.2247" asserts="0" description="Test help for New-AzDoServiceConnection.Parameter Serviceprincipalid">
                <results>
                  <test-case description="Has description" name="Test help for New-AzDoServiceConnection.Parameter Serviceprincipalid.Has description" time="0.0039" asserts="0" success="True" result="Success" executed="True" />
                  <test-case description="Has correct [mandatory] value" name="Test help for New-AzDoServiceConnection.Parameter Serviceprincipalid.Has correct [mandatory] value" time="0.0055" asserts="0" success="True" result="Success" executed="True" />
                  <test-case description="Has correct parameter type" name="Test help for New-AzDoServiceConnection.Parameter Serviceprincipalid.Has correct parameter type" time="0.0052" asserts="0" success="True" result="Success" executed="True" />
                </results>
              </test-suite>
              <test-suite type="TestFixture" name="Test help for New-AzDoServiceConnection.Parameter Serviceprincipalkey" executed="True" result="Success" success="True" time="0.2401" asserts="0" description="Test help for New-AzDoServiceConnection.Parameter Serviceprincipalkey">
                <results>
                  <test-case description="Has description" name="Test help for New-AzDoServiceConnection.Parameter Serviceprincipalkey.Has description" time="0.003" asserts="0" success="True" result="Success" executed="True" />
                  <test-case description="Has correct [mandatory] value" name="Test help for New-AzDoServiceConnection.Parameter Serviceprincipalkey.Has correct [mandatory] value" time="0.0035" asserts="0" success="True" result="Success" executed="True" />
                  <test-case description="Has correct parameter type" name="Test help for New-AzDoServiceConnection.Parameter Serviceprincipalkey.Has correct parameter type" time="0.0022" asserts="0" success="True" result="Success" executed="True" />
                </results>
              </test-suite>
              <test-suite type="TestFixture" name="Test help for New-AzDoServiceConnection.Parameter SubscriptionId" executed="True" result="Success" success="True" time="0.2601" asserts="0" description="Test help for New-AzDoServiceConnection.Parameter SubscriptionId">
                <results>
                  <test-case description="Has description" name="Test help for New-AzDoServiceConnection.Parameter SubscriptionId.Has description" time="0.0034" asserts="0" success="True" result="Success" executed="True" />
                  <test-case description="Has correct [mandatory] value" name="Test help for New-AzDoServiceConnection.Parameter SubscriptionId.Has correct [mandatory] value" time="0.0033" asserts="0" success="True" result="Success" executed="True" />
                  <test-case description="Has correct parameter type" name="Test help for New-AzDoServiceConnection.Parameter SubscriptionId.Has correct parameter type" time="0.0054" asserts="0" success="True" result="Success" executed="True" />
                </results>
              </test-suite>
              <test-suite type="TestFixture" name="Test help for New-AzDoServiceConnection.Parameter SubscriptionName" executed="True" result="Success" success="True" time="0.279" asserts="0" description="Test help for New-AzDoServiceConnection.Parameter SubscriptionName">
                <results>
                  <test-case description="Has description" name="Test help for New-AzDoServiceConnection.Parameter SubscriptionName.Has description" time="0.0027" asserts="0" success="True" result="Success" executed="True" />
                  <test-case description="Has correct [mandatory] value" name="Test help for New-AzDoServiceConnection.Parameter SubscriptionName.Has correct [mandatory] value" time="0.0066" asserts="0" success="True" result="Success" executed="True" />
                  <test-case description="Has correct parameter type" name="Test help for New-AzDoServiceConnection.Parameter SubscriptionName.Has correct parameter type" time="0.0062" asserts="0" success="True" result="Success" executed="True" />
                </results>
              </test-suite>
              <test-suite type="TestFixture" name="Test help for New-AzDoServiceConnection.Parameter Tenantid" executed="True" result="Success" success="True" time="0.296" asserts="0" description="Test help for New-AzDoServiceConnection.Parameter Tenantid">
                <results>
                  <test-case description="Has description" name="Test help for New-AzDoServiceConnection.Parameter Tenantid.Has description" time="0.0036" asserts="0" success="True" result="Success" executed="True" />
                  <test-case description="Has correct [mandatory] value" name="Test help for New-AzDoServiceConnection.Parameter Tenantid.Has correct [mandatory] value" time="0.005" asserts="0" success="True" result="Success" executed="True" />
                  <test-case description="Has correct parameter type" name="Test help for New-AzDoServiceConnection.Parameter Tenantid.Has correct parameter type" time="0.005" asserts="0" success="True" result="Success" executed="True" />
                </results>
              </test-suite>
              <test-case description="Help is not auto-generated" name="Test help for New-AzDoServiceConnection.Help is not auto-generated" time="0.01" asserts="0" success="True" result="Success" executed="True" />
              <test-case description="Has description" name="Test help for New-AzDoServiceConnection.Has description" time="0.0036" asserts="0" success="True" result="Success" executed="True" />
              <test-case description="Has example code" name="Test help for New-AzDoServiceConnection.Has example code" time="0.0022" asserts="0" success="True" result="Success" executed="True" />
              <test-case description="Has example help" name="Test help for New-AzDoServiceConnection.Has example help" time="0.002" asserts="0" success="True" result="Success" executed="True" />
            </results>
          </test-suite>
          <test-suite type="TestFixture" name="Test help for New-AzDoVariableGroup" executed="True" result="Success" success="True" time="1.671" asserts="0" description="Test help for New-AzDoVariableGroup">
            <results>
              <test-suite type="TestFixture" name="Test help for New-AzDoVariableGroup.Parameter CollectionUri" executed="True" result="Success" success="True" time="0.032" asserts="0" description="Test help for New-AzDoVariableGroup.Parameter CollectionUri">
                <results>
                  <test-case description="Has description" name="Test help for New-AzDoVariableGroup.Parameter CollectionUri.Has description" time="0.0059" asserts="0" success="True" result="Success" executed="True" />
                  <test-case description="Has correct [mandatory] value" name="Test help for New-AzDoVariableGroup.Parameter CollectionUri.Has correct [mandatory] value" time="0.0029" asserts="0" success="True" result="Success" executed="True" />
                  <test-case description="Has correct parameter type" name="Test help for New-AzDoVariableGroup.Parameter CollectionUri.Has correct parameter type" time="0.0059" asserts="0" success="True" result="Success" executed="True" />
                </results>
              </test-suite>
              <test-suite type="TestFixture" name="Test help for New-AzDoVariableGroup.Parameter Description" executed="True" result="Success" success="True" time="0.0437" asserts="0" description="Test help for New-AzDoVariableGroup.Parameter Description">
                <results>
                  <test-case description="Has description" name="Test help for New-AzDoVariableGroup.Parameter Description.Has description" time="0.003" asserts="0" success="True" result="Success" executed="True" />
                  <test-case description="Has correct [mandatory] value" name="Test help for New-AzDoVariableGroup.Parameter Description.Has correct [mandatory] value" time="0.0022" asserts="0" success="True" result="Success" executed="True" />
                  <test-case description="Has correct parameter type" name="Test help for New-AzDoVariableGroup.Parameter Description.Has correct parameter type" time="0.0022" asserts="0" success="True" result="Success" executed="True" />
                </results>
              </test-suite>
              <test-suite type="TestFixture" name="Test help for New-AzDoVariableGroup.Parameter Name" executed="True" result="Success" success="True" time="0.059" asserts="0" description="Test help for New-AzDoVariableGroup.Parameter Name">
                <results>
                  <test-case description="Has description" name="Test help for New-AzDoVariableGroup.Parameter Name.Has description" time="0.0025" asserts="0" success="True" result="Success" executed="True" />
                  <test-case description="Has correct [mandatory] value" name="Test help for New-AzDoVariableGroup.Parameter Name.Has correct [mandatory] value" time="0.0029" asserts="0" success="True" result="Success" executed="True" />
                  <test-case description="Has correct parameter type" name="Test help for New-AzDoVariableGroup.Parameter Name.Has correct parameter type" time="0.0052" asserts="0" success="True" result="Success" executed="True" />
                </results>
              </test-suite>
              <test-suite type="TestFixture" name="Test help for New-AzDoVariableGroup.Parameter PAT" executed="True" result="Success" success="True" time="0.0771" asserts="0" description="Test help for New-AzDoVariableGroup.Parameter PAT">
                <results>
                  <test-case description="Has description" name="Test help for New-AzDoVariableGroup.Parameter PAT.Has description" time="0.0051" asserts="0" success="True" result="Success" executed="True" />
                  <test-case description="Has correct [mandatory] value" name="Test help for New-AzDoVariableGroup.Parameter PAT.Has correct [mandatory] value" time="0.0041" asserts="0" success="True" result="Success" executed="True" />
                  <test-case description="Has correct parameter type" name="Test help for New-AzDoVariableGroup.Parameter PAT.Has correct parameter type" time="0.0023" asserts="0" success="True" result="Success" executed="True" />
                </results>
              </test-suite>
              <test-suite type="TestFixture" name="Test help for New-AzDoVariableGroup.Parameter ProjectName" executed="True" result="Success" success="True" time="0.0901" asserts="0" description="Test help for New-AzDoVariableGroup.Parameter ProjectName">
                <results>
                  <test-case description="Has description" name="Test help for New-AzDoVariableGroup.Parameter ProjectName.Has description" time="0.0029" asserts="0" success="True" result="Success" executed="True" />
                  <test-case description="Has correct [mandatory] value" name="Test help for New-AzDoVariableGroup.Parameter ProjectName.Has correct [mandatory] value" time="0.0021" asserts="0" success="True" result="Success" executed="True" />
                  <test-case description="Has correct parameter type" name="Test help for New-AzDoVariableGroup.Parameter ProjectName.Has correct parameter type" time="0.0021" asserts="0" success="True" result="Success" executed="True" />
                </results>
              </test-suite>
              <test-suite type="TestFixture" name="Test help for New-AzDoVariableGroup.Parameter Variables" executed="True" result="Success" success="True" time="0.1033" asserts="0" description="Test help for New-AzDoVariableGroup.Parameter Variables">
                <results>
                  <test-case description="Has description" name="Test help for New-AzDoVariableGroup.Parameter Variables.Has description" time="0.0044" asserts="0" success="True" result="Success" executed="True" />
                  <test-case description="Has correct [mandatory] value" name="Test help for New-AzDoVariableGroup.Parameter Variables.Has correct [mandatory] value" time="0.0026" asserts="0" success="True" result="Success" executed="True" />
                  <test-case description="Has correct parameter type" name="Test help for New-AzDoVariableGroup.Parameter Variables.Has correct parameter type" time="0.002" asserts="0" success="True" result="Success" executed="True" />
                </results>
              </test-suite>
              <test-case description="Help is not auto-generated" name="Test help for New-AzDoVariableGroup.Help is not auto-generated" time="0.0046" asserts="0" success="True" result="Success" executed="True" />
              <test-case description="Has description" name="Test help for New-AzDoVariableGroup.Has description" time="0.0023" asserts="0" success="True" result="Success" executed="True" />
              <test-case description="Has example code" name="Test help for New-AzDoVariableGroup.Has example code" time="0.0041" asserts="0" success="True" result="Success" executed="True" />
              <test-case description="Has example help" name="Test help for New-AzDoVariableGroup.Has example help" time="0.0032" asserts="0" success="True" result="Success" executed="True" />
            </results>
          </test-suite>
          <test-suite type="TestFixture" name="Test help for Set-AzDoProjectSetting" executed="True" result="Success" success="True" time="1.828" asserts="0" description="Test help for Set-AzDoProjectSetting">
            <results>
              <test-suite type="TestFixture" name="Test help for Set-AzDoProjectSetting.Parameter CollectionUri" executed="True" result="Success" success="True" time="0.0276" asserts="0" description="Test help for Set-AzDoProjectSetting.Parameter CollectionUri">
                <results>
                  <test-case description="Has description" name="Test help for Set-AzDoProjectSetting.Parameter CollectionUri.Has description" time="0.0025" asserts="0" success="True" result="Success" executed="True" />
                  <test-case description="Has correct [mandatory] value" name="Test help for Set-AzDoProjectSetting.Parameter CollectionUri.Has correct [mandatory] value" time="0.002" asserts="0" success="True" result="Success" executed="True" />
                  <test-case description="Has correct parameter type" name="Test help for Set-AzDoProjectSetting.Parameter CollectionUri.Has correct parameter type" time="0.0025" asserts="0" success="True" result="Success" executed="True" />
                </results>
              </test-suite>
              <test-suite type="TestFixture" name="Test help for Set-AzDoProjectSetting.Parameter EnforceJobAuthScope" executed="True" result="Success" success="True" time="0.0388" asserts="0" description="Test help for Set-AzDoProjectSetting.Parameter EnforceJobAuthScope">
                <results>
                  <test-case description="Has description" name="Test help for Set-AzDoProjectSetting.Parameter EnforceJobAuthScope.Has description" time="0.0029" asserts="0" success="True" result="Success" executed="True" />
                  <test-case description="Has correct [mandatory] value" name="Test help for Set-AzDoProjectSetting.Parameter EnforceJobAuthScope.Has correct [mandatory] value" time="0.0024" asserts="0" success="True" result="Success" executed="True" />
                  <test-case description="Has correct parameter type" name="Test help for Set-AzDoProjectSetting.Parameter EnforceJobAuthScope.Has correct parameter type" time="0.002" asserts="0" success="True" result="Success" executed="True" />
                </results>
              </test-suite>
              <test-suite type="TestFixture" name="Test help for Set-AzDoProjectSetting.Parameter EnforceJobAuthScopeForReleases" executed="True" result="Success" success="True" time="0.0549" asserts="0" description="Test help for Set-AzDoProjectSetting.Parameter EnforceJobAuthScopeForReleases">
                <results>
                  <test-case description="Has description" name="Test help for Set-AzDoProjectSetting.Parameter EnforceJobAuthScopeForReleases.Has description" time="0.0068" asserts="0" success="True" result="Success" executed="True" />
                  <test-case description="Has correct [mandatory] value" name="Test help for Set-AzDoProjectSetting.Parameter EnforceJobAuthScopeForReleases.Has correct [mandatory] value" time="0.0026" asserts="0" success="True" result="Success" executed="True" />
                  <test-case description="Has correct parameter type" name="Test help for Set-AzDoProjectSetting.Parameter EnforceJobAuthScopeForReleases.Has correct parameter type" time="0.0021" asserts="0" success="True" result="Success" executed="True" />
                </results>
              </test-suite>
              <test-suite type="TestFixture" name="Test help for Set-AzDoProjectSetting.Parameter EnforceReferencedRepoScopedToken" executed="True" result="Success" success="True" time="0.0715" asserts="0" description="Test help for Set-AzDoProjectSetting.Parameter EnforceReferencedRepoScopedToken">
                <results>
                  <test-case description="Has description" name="Test help for Set-AzDoProjectSetting.Parameter EnforceReferencedRepoScopedToken.Has description" time="0.0057" asserts="0" success="True" result="Success" executed="True" />
                  <test-case description="Has correct [mandatory] value" name="Test help for Set-AzDoProjectSetting.Parameter EnforceReferencedRepoScopedToken.Has correct [mandatory] value" time="0.0037" asserts="0" success="True" result="Success" executed="True" />
                  <test-case description="Has correct parameter type" name="Test help for Set-AzDoProjectSetting.Parameter EnforceReferencedRepoScopedToken.Has correct parameter type" time="0.0023" asserts="0" success="True" result="Success" executed="True" />
                </results>
              </test-suite>
              <test-suite type="TestFixture" name="Test help for Set-AzDoProjectSetting.Parameter EnforceSettableVar" executed="True" result="Success" success="True" time="0.0854" asserts="0" description="Test help for Set-AzDoProjectSetting.Parameter EnforceSettableVar">
                <results>
                  <test-case description="Has description" name="Test help for Set-AzDoProjectSetting.Parameter EnforceSettableVar.Has description" time="0.0061" asserts="0" success="True" result="Success" executed="True" />
                  <test-case description="Has correct [mandatory] value" name="Test help for Set-AzDoProjectSetting.Parameter EnforceSettableVar.Has correct [mandatory] value" time="0.0025" asserts="0" success="True" result="Success" executed="True" />
                  <test-case description="Has correct parameter type" name="Test help for Set-AzDoProjectSetting.Parameter EnforceSettableVar.Has correct parameter type" time="0.0024" asserts="0" success="True" result="Success" executed="True" />
                </results>
              </test-suite>
              <test-suite type="TestFixture" name="Test help for Set-AzDoProjectSetting.Parameter PAT" executed="True" result="Success" success="True" time="0.1011" asserts="0" description="Test help for Set-AzDoProjectSetting.Parameter PAT">
                <results>
                  <test-case description="Has description" name="Test help for Set-AzDoProjectSetting.Parameter PAT.Has description" time="0.0033" asserts="0" success="True" result="Success" executed="True" />
                  <test-case description="Has correct [mandatory] value" name="Test help for Set-AzDoProjectSetting.Parameter PAT.Has correct [mandatory] value" time="0.0073" asserts="0" success="True" result="Success" executed="True" />
                  <test-case description="Has correct parameter type" name="Test help for Set-AzDoProjectSetting.Parameter PAT.Has correct parameter type" time="0.0025" asserts="0" success="True" result="Success" executed="True" />
                </results>
              </test-suite>
              <test-suite type="TestFixture" name="Test help for Set-AzDoProjectSetting.Parameter ProjectName" executed="True" result="Success" success="True" time="0.1141" asserts="0" description="Test help for Set-AzDoProjectSetting.Parameter ProjectName">
                <results>
                  <test-case description="Has description" name="Test help for Set-AzDoProjectSetting.Parameter ProjectName.Has description" time="0.003" asserts="0" success="True" result="Success" executed="True" />
                  <test-case description="Has correct [mandatory] value" name="Test help for Set-AzDoProjectSetting.Parameter ProjectName.Has correct [mandatory] value" time="0.004" asserts="0" success="True" result="Success" executed="True" />
                  <test-case description="Has correct parameter type" name="Test help for Set-AzDoProjectSetting.Parameter ProjectName.Has correct parameter type" time="0.0031" asserts="0" success="True" result="Success" executed="True" />
                </results>
              </test-suite>
              <test-suite type="TestFixture" name="Test help for Set-AzDoProjectSetting.Parameter PublishPipelineMetadata" executed="True" result="Success" success="True" time="0.1306" asserts="0" description="Test help for Set-AzDoProjectSetting.Parameter PublishPipelineMetadata">
                <results>
                  <test-case description="Has description" name="Test help for Set-AzDoProjectSetting.Parameter PublishPipelineMetadata.Has description" time="0.003" asserts="0" success="True" result="Success" executed="True" />
                  <test-case description="Has correct [mandatory] value" name="Test help for Set-AzDoProjectSetting.Parameter PublishPipelineMetadata.Has correct [mandatory] value" time="0.0044" asserts="0" success="True" result="Success" executed="True" />
                  <test-case description="Has correct parameter type" name="Test help for Set-AzDoProjectSetting.Parameter PublishPipelineMetadata.Has correct parameter type" time="0.0039" asserts="0" success="True" result="Success" executed="True" />
                </results>
              </test-suite>
              <test-suite type="TestFixture" name="Test help for Set-AzDoProjectSetting.Parameter StatusBadgesArePrivate" executed="True" result="Success" success="True" time="0.1457" asserts="0" description="Test help for Set-AzDoProjectSetting.Parameter StatusBadgesArePrivate">
                <results>
                  <test-case description="Has description" name="Test help for Set-AzDoProjectSetting.Parameter StatusBadgesArePrivate.Has description" time="0.003" asserts="0" success="True" result="Success" executed="True" />
                  <test-case description="Has correct [mandatory] value" name="Test help for Set-AzDoProjectSetting.Parameter StatusBadgesArePrivate.Has correct [mandatory] value" time="0.0021" asserts="0" success="True" result="Success" executed="True" />
                  <test-case description="Has correct parameter type" name="Test help for Set-AzDoProjectSetting.Parameter StatusBadgesArePrivate.Has correct parameter type" time="0.0041" asserts="0" success="True" result="Success" executed="True" />
                </results>
              </test-suite>
              <test-case description="Help is not auto-generated" name="Test help for Set-AzDoProjectSetting.Help is not auto-generated" time="0.003" asserts="0" success="True" result="Success" executed="True" />
              <test-case description="Has description" name="Test help for Set-AzDoProjectSetting.Has description" time="0.0019" asserts="0" success="True" result="Success" executed="True" />
              <test-case description="Has example code" name="Test help for Set-AzDoProjectSetting.Has example code" time="0.0044" asserts="0" success="True" result="Success" executed="True" />
              <test-case description="Has example help" name="Test help for Set-AzDoProjectSetting.Has example help" time="0.0055" asserts="0" success="True" result="Success" executed="True" />
            </results>
          </test-suite>
          <test-suite type="TestFixture" name="Test help for Set-AzDoTeamMember" executed="True" result="Success" success="True" time="1.9123" asserts="0" description="Test help for Set-AzDoTeamMember">
            <results>
              <test-suite type="TestFixture" name="Test help for Set-AzDoTeamMember.Parameter ObjectId" executed="True" result="Success" success="True" time="0.0306" asserts="0" description="Test help for Set-AzDoTeamMember.Parameter ObjectId">
                <results>
                  <test-case description="Has description" name="Test help for Set-AzDoTeamMember.Parameter ObjectId.Has description" time="0.0045" asserts="0" success="True" result="Success" executed="True" />
                  <test-case description="Has correct [mandatory] value" name="Test help for Set-AzDoTeamMember.Parameter ObjectId.Has correct [mandatory] value" time="0.0031" asserts="0" success="True" result="Success" executed="True" />
                  <test-case description="Has correct parameter type" name="Test help for Set-AzDoTeamMember.Parameter ObjectId.Has correct parameter type" time="0.0032" asserts="0" success="True" result="Success" executed="True" />
                </results>
              </test-suite>
              <test-suite type="TestFixture" name="Test help for Set-AzDoTeamMember.Parameter OrganizationName" executed="True" result="Success" success="True" time="0.046" asserts="0" description="Test help for Set-AzDoTeamMember.Parameter OrganizationName">
                <results>
                  <test-case description="Has description" name="Test help for Set-AzDoTeamMember.Parameter OrganizationName.Has description" time="0.0027" asserts="0" success="True" result="Success" executed="True" />
                  <test-case description="Has correct [mandatory] value" name="Test help for Set-AzDoTeamMember.Parameter OrganizationName.Has correct [mandatory] value" time="0.0075" asserts="0" success="True" result="Success" executed="True" />
                  <test-case description="Has correct parameter type" name="Test help for Set-AzDoTeamMember.Parameter OrganizationName.Has correct parameter type" time="0.0024" asserts="0" success="True" result="Success" executed="True" />
                </results>
              </test-suite>
              <test-suite type="TestFixture" name="Test help for Set-AzDoTeamMember.Parameter PAT" executed="True" result="Success" success="True" time="0.0592" asserts="0" description="Test help for Set-AzDoTeamMember.Parameter PAT">
                <results>
                  <test-case description="Has description" name="Test help for Set-AzDoTeamMember.Parameter PAT.Has description" time="0.0024" asserts="0" success="True" result="Success" executed="True" />
                  <test-case description="Has correct [mandatory] value" name="Test help for Set-AzDoTeamMember.Parameter PAT.Has correct [mandatory] value" time="0.0021" asserts="0" success="True" result="Success" executed="True" />
                  <test-case description="Has correct parameter type" name="Test help for Set-AzDoTeamMember.Parameter PAT.Has correct parameter type" time="0.0052" asserts="0" success="True" result="Success" executed="True" />
                </results>
              </test-suite>
              <test-suite type="TestFixture" name="Test help for Set-AzDoTeamMember.Parameter ProjectName" executed="True" result="Success" success="True" time="0.0764" asserts="0" description="Test help for Set-AzDoTeamMember.Parameter ProjectName">
                <results>
                  <test-case description="Has description" name="Test help for Set-AzDoTeamMember.Parameter ProjectName.Has description" time="0.0033" asserts="0" success="True" result="Success" executed="True" />
                  <test-case description="Has correct [mandatory] value" name="Test help for Set-AzDoTeamMember.Parameter ProjectName.Has correct [mandatory] value" time="0.0025" asserts="0" success="True" result="Success" executed="True" />
                  <test-case description="Has correct parameter type" name="Test help for Set-AzDoTeamMember.Parameter ProjectName.Has correct parameter type" time="0.0059" asserts="0" success="True" result="Success" executed="True" />
                </results>
              </test-suite>
              <test-case description="Help is not auto-generated" name="Test help for Set-AzDoTeamMember.Help is not auto-generated" time="0.0032" asserts="0" success="True" result="Success" executed="True" />
              <test-case description="Has description" name="Test help for Set-AzDoTeamMember.Has description" time="0.005" asserts="0" success="True" result="Success" executed="True" />
              <test-case description="Has example code" name="Test help for Set-AzDoTeamMember.Has example code" time="0.0021" asserts="0" success="True" result="Success" executed="True" />
              <test-case description="Has example help" name="Test help for Set-AzDoTeamMember.Has example help" time="0.0059" asserts="0" success="True" result="Success" executed="True" />
            </results>
          </test-suite>
        </results>
      </test-suite>
      <test-suite type="TestFixture" name="C:\Users\DylanPrins\Github\Work\DNA\DNA.AutomateRelease\tests\Manifest.tests.ps1" executed="True" result="Ignored" success="True" time="0.5777" asserts="0" description="C:\Users\DylanPrins\Github\Work\DNA\DNA.AutomateRelease\tests\Manifest.tests.ps1">
        <results>
          <test-suite type="TestFixture" name="Module manifest" executed="True" result="Success" success="True" time="0.1486" asserts="0" description="Module manifest">
            <results>
              <test-suite type="TestFixture" name="Module manifest.Validation" executed="True" result="Success" success="True" time="0.1453" asserts="0" description="Module manifest.Validation">
                <results>
                  <test-case description="Has a valid manifest" name="Module manifest.Validation.Has a valid manifest" time="0.0172" asserts="0" success="True" result="Success" executed="True" />
                  <test-case description="Has a valid name in the manifest" name="Module manifest.Validation.Has a valid name in the manifest" time="0.0119" asserts="0" success="True" result="Success" executed="True" />
                  <test-case description="Has a valid root module" name="Module manifest.Validation.Has a valid root module" time="0.016" asserts="0" success="True" result="Success" executed="True" />
                  <test-case description="Has a valid version in the manifest" name="Module manifest.Validation.Has a valid version in the manifest" time="0.016" asserts="0" success="True" result="Success" executed="True" />
                  <test-case description="Has a valid description" name="Module manifest.Validation.Has a valid description" time="0.017" asserts="0" success="True" result="Success" executed="True" />
                  <test-case description="Has a valid author" name="Module manifest.Validation.Has a valid author" time="0.0157" asserts="0" success="True" result="Success" executed="True" />
                  <test-case description="Has a valid guid" name="Module manifest.Validation.Has a valid guid" time="0.0325" asserts="0" success="True" result="Success" executed="True" />
                  <test-case description="Has a valid copyright" name="Module manifest.Validation.Has a valid copyright" time="0.0157" asserts="0" success="True" result="Success" executed="True" />
                </results>
              </test-suite>
            </results>
          </test-suite>
          <test-suite type="TestFixture" name="Git tagging" executed="True" result="Ignored" success="True" time="0.1642" asserts="0" description="Git tagging">
            <results>
              <test-case description="Is tagged with a valid version" name="Git tagging.Is tagged with a valid version" time="0.006" asserts="0" success="False" result="Ignored" executed="False" />
              <test-case description="Matches manifest version" name="Git tagging.Matches manifest version" time="0.0037" asserts="0" success="False" result="Ignored" executed="False" />
            </results>
          </test-suite>
        </results>
      </test-suite>
      <test-suite type="TestFixture" name="C:\Users\DylanPrins\Github\Work\DNA\DNA.AutomateRelease\tests\Meta.tests.ps1" executed="True" result="Success" success="True" time="0.6223" asserts="0" description="C:\Users\DylanPrins\Github\Work\DNA\DNA.AutomateRelease\tests\Meta.tests.ps1">
        <results>
          <test-suite type="TestFixture" name="Text files formatting" executed="True" result="Success" success="True" time="0.0388" asserts="0" description="Text files formatting">
            <results>
              <test-suite type="TestFixture" name="Text files formatting.File encoding" executed="True" result="Success" success="True" time="0.0171" asserts="0" description="Text files formatting.File encoding">
                <results>
                  <test-case description="No text file uses Unicode/UTF-16 encoding" name="Text files formatting.File encoding.No text file uses Unicode/UTF-16 encoding" time="0.0146" asserts="0" success="True" result="Success" executed="True" />
                </results>
              </test-suite>
              <test-suite type="TestFixture" name="Text files formatting.Indentations" executed="True" result="Success" success="True" time="0.0351" asserts="0" description="Text files formatting.Indentations">
                <results>
                  <test-case description="No text file use tabs for indentations" name="Text files formatting.Indentations.No text file use tabs for indentations" time="0.0137" asserts="0" success="True" result="Success" executed="True" />
                </results>
              </test-suite>
            </results>
          </test-suite>
        </results>
      </test-suite>
    </results>
  </test-suite>
</test-results>